
*** Running vivado
    with args -log processor.vds -m64 -product Vivado -mode batch -messageDb vivado.pb -notrace -source processor.tcl



****** Vivado v2020.2 (64-bit)
  **** SW Build 3064766 on Wed Nov 18 09:12:45 MST 2020
  **** IP Build 3064653 on Wed Nov 18 14:17:31 MST 2020
    ** Copyright 1986-2020 Xilinx, Inc. All Rights Reserved.

source processor.tcl -notrace
Command: synth_design -top processor -part xc7a35ticsg324-1L
Starting synth_design
Attempting to get a license for feature 'Synthesis' and/or device 'xc7a35ti'
INFO: [Common 17-349] Got license for feature 'Synthesis' and/or device 'xc7a35ti'
INFO: [Synth 8-7079] Multithreading enabled for synth_design using a maximum of 2 processes.
INFO: [Synth 8-7078] Launching helper process for spawning children vivado processes
INFO: [Synth 8-7075] Helper process launched with PID 9932
---------------------------------------------------------------------------------
Starting Synthesize : Time (s): cpu = 00:00:24 ; elapsed = 00:00:28 . Memory (MB): peak = 1017.566 ; gain = 0.000
---------------------------------------------------------------------------------
INFO: [Synth 8-6157] synthesizing module 'processor' [G:/My Drive/Work Space/Academics/CoE 113/Machine Problem 1/machine_problem/machine_problem.srcs/sources_1/new/processor.v:3]
INFO: [Synth 8-155] case statement is not full and has no default [G:/My Drive/Work Space/Academics/CoE 113/Machine Problem 1/machine_problem/machine_problem.srcs/sources_1/new/processor.v:33]
INFO: [Synth 8-155] case statement is not full and has no default [G:/My Drive/Work Space/Academics/CoE 113/Machine Problem 1/machine_problem/machine_problem.srcs/sources_1/new/processor.v:41]
INFO: [Synth 8-6157] synthesizing module 'pc' [G:/My Drive/Work Space/Academics/CoE 113/Machine Problem 1/machine_problem/machine_problem.srcs/sources_1/new/pc.v:3]
INFO: [Synth 8-6155] done synthesizing module 'pc' (1#1) [G:/My Drive/Work Space/Academics/CoE 113/Machine Problem 1/machine_problem/machine_problem.srcs/sources_1/new/pc.v:3]
INFO: [Synth 8-6157] synthesizing module 'register_file' [G:/My Drive/Work Space/Academics/CoE 113/Machine Problem 1/machine_problem/machine_problem.srcs/sources_1/new/register_file.v:3]
INFO: [Synth 8-6155] done synthesizing module 'register_file' (2#1) [G:/My Drive/Work Space/Academics/CoE 113/Machine Problem 1/machine_problem/machine_problem.srcs/sources_1/new/register_file.v:3]
INFO: [Synth 8-6157] synthesizing module 'alu' [G:/My Drive/Work Space/Academics/CoE 113/Machine Problem 1/machine_problem/machine_problem.srcs/sources_1/new/alu.v:3]
INFO: [Synth 8-155] case statement is not full and has no default [G:/My Drive/Work Space/Academics/CoE 113/Machine Problem 1/machine_problem/machine_problem.srcs/sources_1/new/alu.v:14]
INFO: [Synth 8-6155] done synthesizing module 'alu' (3#1) [G:/My Drive/Work Space/Academics/CoE 113/Machine Problem 1/machine_problem/machine_problem.srcs/sources_1/new/alu.v:3]
INFO: [Synth 8-6157] synthesizing module 'sign_extend' [G:/My Drive/Work Space/Academics/CoE 113/Machine Problem 1/machine_problem/machine_problem.srcs/sources_1/new/sign_extend.v:3]
INFO: [Synth 8-6155] done synthesizing module 'sign_extend' (4#1) [G:/My Drive/Work Space/Academics/CoE 113/Machine Problem 1/machine_problem/machine_problem.srcs/sources_1/new/sign_extend.v:3]
INFO: [Synth 8-6157] synthesizing module 'controller' [G:/My Drive/Work Space/Academics/CoE 113/Machine Problem 1/machine_problem/machine_problem.srcs/sources_1/new/controller.v:3]
	Parameter opcode_ld bound to: 7'b0000011 
	Parameter opcode_sd bound to: 7'b0100011 
	Parameter opcode_reg bound to: 7'b0110011 
	Parameter opcode_addi bound to: 7'b0010011 
	Parameter opcode_branch bound to: 7'b1100011 
	Parameter opcode_jal bound to: 7'b1101111 
	Parameter opcode_jalr bound to: 7'b1100111 
	Parameter funct7_add bound to: 7'b0000000 
	Parameter funct7_sub bound to: 7'b0100000 
	Parameter funct7_and bound to: 7'b0000000 
	Parameter funct7_or bound to: 7'b0000000 
	Parameter funct7_xor bound to: 7'b0000000 
	Parameter funct7_slt bound to: 7'b0000000 
	Parameter funct3_ld bound to: 3'b011 
	Parameter funct3_sd bound to: 3'b011 
	Parameter funct3_add bound to: 3'b000 
	Parameter funct3_sub bound to: 3'b000 
	Parameter funct3_and bound to: 3'b111 
	Parameter funct3_or bound to: 3'b110 
	Parameter funct3_xor bound to: 3'b100 
	Parameter funct3_slt bound to: 3'b010 
	Parameter funct3_addi bound to: 3'b000 
	Parameter funct3_beq bound to: 3'b000 
	Parameter funct3_bne bound to: 3'b001 
	Parameter funct3_jalr bound to: 3'b000 
	Parameter i_type bound to: 2'b00 
	Parameter s_type bound to: 2'b01 
	Parameter b_type bound to: 2'b10 
	Parameter j_type bound to: 2'b11 
INFO: [Synth 8-155] case statement is not full and has no default [G:/My Drive/Work Space/Academics/CoE 113/Machine Problem 1/machine_problem/machine_problem.srcs/sources_1/new/controller.v:83]
INFO: [Synth 8-155] case statement is not full and has no default [G:/My Drive/Work Space/Academics/CoE 113/Machine Problem 1/machine_problem/machine_problem.srcs/sources_1/new/controller.v:68]
INFO: [Synth 8-6155] done synthesizing module 'controller' (5#1) [G:/My Drive/Work Space/Academics/CoE 113/Machine Problem 1/machine_problem/machine_problem.srcs/sources_1/new/controller.v:3]
INFO: [Synth 8-6155] done synthesizing module 'processor' (6#1) [G:/My Drive/Work Space/Academics/CoE 113/Machine Problem 1/machine_problem/machine_problem.srcs/sources_1/new/processor.v:3]
---------------------------------------------------------------------------------
Finished Synthesize : Time (s): cpu = 00:00:29 ; elapsed = 00:00:35 . Memory (MB): peak = 1017.566 ; gain = 0.000
---------------------------------------------------------------------------------
---------------------------------------------------------------------------------
Finished Constraint Validation : Time (s): cpu = 00:00:30 ; elapsed = 00:00:38 . Memory (MB): peak = 1017.566 ; gain = 0.000
---------------------------------------------------------------------------------
---------------------------------------------------------------------------------
Start Loading Part and Timing Information
---------------------------------------------------------------------------------
Loading part: xc7a35ticsg324-1L
---------------------------------------------------------------------------------
INFO: [Device 21-403] Loading part xc7a35ticsg324-1L
Finished Loading Part and Timing Information : Time (s): cpu = 00:00:30 ; elapsed = 00:00:38 . Memory (MB): peak = 1017.566 ; gain = 0.000
---------------------------------------------------------------------------------
---------------------------------------------------------------------------------
Finished RTL Optimization Phase 2 : Time (s): cpu = 00:00:34 ; elapsed = 00:00:41 . Memory (MB): peak = 1017.566 ; gain = 0.000
---------------------------------------------------------------------------------
No constraint files found.
---------------------------------------------------------------------------------
Start RTL Component Statistics 
---------------------------------------------------------------------------------
Detailed RTL Component Info : 
+---Adders : 
	   2 Input   64 Bit       Adders := 1     
	   3 Input   64 Bit       Adders := 1     
	   2 Input   32 Bit       Adders := 2     
+---XORs : 
	   2 Input     64 Bit         XORs := 1     
+---Registers : 
	               64 Bit    Registers := 32    
	               32 Bit    Registers := 1     
+---Muxes : 
	   2 Input   64 Bit        Muxes := 3     
	   4 Input   64 Bit        Muxes := 1     
	   3 Input   64 Bit        Muxes := 1     
	   3 Input   32 Bit        Muxes := 1     
	   7 Input    3 Bit        Muxes := 1     
	   2 Input    3 Bit        Muxes := 2     
	   8 Input    3 Bit        Muxes := 1     
	   8 Input    2 Bit        Muxes := 1     
	   2 Input    2 Bit        Muxes := 1     
	   9 Input    2 Bit        Muxes := 2     
	   2 Input    1 Bit        Muxes := 34    
	   8 Input    1 Bit        Muxes := 3     
---------------------------------------------------------------------------------
Finished RTL Component Statistics 
---------------------------------------------------------------------------------
---------------------------------------------------------------------------------
Start Part Resource Summary
---------------------------------------------------------------------------------
Part Resources:
DSPs: 90 (col length:60)
BRAMs: 100 (col length: RAMB18 60 RAMB36 30)
---------------------------------------------------------------------------------
Finished Part Resource Summary
---------------------------------------------------------------------------------
No constraint files found.
---------------------------------------------------------------------------------
Start Cross Boundary and Area Optimization
---------------------------------------------------------------------------------
---------------------------------------------------------------------------------
Finished Cross Boundary and Area Optimization : Time (s): cpu = 00:03:56 ; elapsed = 00:04:14 . Memory (MB): peak = 1017.566 ; gain = 0.000
---------------------------------------------------------------------------------
No constraint files found.
---------------------------------------------------------------------------------
Start Timing Optimization
---------------------------------------------------------------------------------
---------------------------------------------------------------------------------
Finished Timing Optimization : Time (s): cpu = 00:04:04 ; elapsed = 00:04:23 . Memory (MB): peak = 1017.566 ; gain = 0.000
---------------------------------------------------------------------------------
---------------------------------------------------------------------------------
Start Technology Mapping
---------------------------------------------------------------------------------
---------------------------------------------------------------------------------
Finished Technology Mapping : Time (s): cpu = 00:04:11 ; elapsed = 00:04:30 . Memory (MB): peak = 1017.566 ; gain = 0.000
---------------------------------------------------------------------------------
---------------------------------------------------------------------------------
Start IO Insertion
---------------------------------------------------------------------------------
---------------------------------------------------------------------------------
Start Flattening Before IO Insertion
---------------------------------------------------------------------------------
---------------------------------------------------------------------------------
Finished Flattening Before IO Insertion
---------------------------------------------------------------------------------
---------------------------------------------------------------------------------
Start Final Netlist Cleanup
---------------------------------------------------------------------------------
---------------------------------------------------------------------------------
Finished Final Netlist Cleanup
---------------------------------------------------------------------------------
---------------------------------------------------------------------------------
Finished IO Insertion : Time (s): cpu = 00:04:34 ; elapsed = 00:04:53 . Memory (MB): peak = 1017.566 ; gain = 0.000
---------------------------------------------------------------------------------
---------------------------------------------------------------------------------
Start Renaming Generated Instances
---------------------------------------------------------------------------------
---------------------------------------------------------------------------------
Finished Renaming Generated Instances : Time (s): cpu = 00:04:34 ; elapsed = 00:04:54 . Memory (MB): peak = 1017.566 ; gain = 0.000
---------------------------------------------------------------------------------
---------------------------------------------------------------------------------
Start Rebuilding User Hierarchy
---------------------------------------------------------------------------------
---------------------------------------------------------------------------------
Finished Rebuilding User Hierarchy : Time (s): cpu = 00:04:34 ; elapsed = 00:04:54 . Memory (MB): peak = 1017.566 ; gain = 0.000
---------------------------------------------------------------------------------
---------------------------------------------------------------------------------
Start Renaming Generated Ports
---------------------------------------------------------------------------------
---------------------------------------------------------------------------------
Finished Renaming Generated Ports : Time (s): cpu = 00:04:34 ; elapsed = 00:04:54 . Memory (MB): peak = 1017.566 ; gain = 0.000
---------------------------------------------------------------------------------
---------------------------------------------------------------------------------
Start Handling Custom Attributes
---------------------------------------------------------------------------------
---------------------------------------------------------------------------------
Finished Handling Custom Attributes : Time (s): cpu = 00:04:34 ; elapsed = 00:04:54 . Memory (MB): peak = 1017.566 ; gain = 0.000
---------------------------------------------------------------------------------
---------------------------------------------------------------------------------
Start Renaming Generated Nets
---------------------------------------------------------------------------------
---------------------------------------------------------------------------------
Finished Renaming Generated Nets : Time (s): cpu = 00:04:35 ; elapsed = 00:04:54 . Memory (MB): peak = 1017.566 ; gain = 0.000
---------------------------------------------------------------------------------
---------------------------------------------------------------------------------
Start Writing Synthesis Report
---------------------------------------------------------------------------------

Report BlackBoxes: 
+-+--------------+----------+
| |BlackBox name |Instances |
+-+--------------+----------+
+-+--------------+----------+

Report Cell Usage: 
+------+-------+------+
|      |Cell   |Count |
+------+-------+------+
|1     |BUFG   |     1|
|2     |CARRY4 |    56|
|3     |LUT1   |     8|
|4     |LUT2   |   140|
|5     |LUT3   |    45|
|6     |LUT4   |   197|
|7     |LUT5   |    33|
|8     |LUT6   |  1430|
|9     |MUXF7  |   512|
|10    |MUXF8  |   179|
|11    |FDCE   |  2080|
|12    |IBUF   |    98|
|13    |OBUF   |   137|
+------+-------+------+

Report Instance Areas: 
+------+------------------+--------------+------+
|      |Instance          |Module        |Cells |
+------+------------------+--------------+------+
|1     |top               |              |  4916|
|2     |  i_alu           |alu           |   116|
|3     |  i_pc            |pc            |   197|
|4     |  i_register_file |register_file |  4366|
+------+------------------+--------------+------+
---------------------------------------------------------------------------------
Finished Writing Synthesis Report : Time (s): cpu = 00:04:35 ; elapsed = 00:04:54 . Memory (MB): peak = 1017.566 ; gain = 0.000
---------------------------------------------------------------------------------
Synthesis finished with 0 errors, 0 critical warnings and 0 warnings.
Synthesis Optimization Runtime : Time (s): cpu = 00:04:35 ; elapsed = 00:04:54 . Memory (MB): peak = 1017.566 ; gain = 0.000
Synthesis Optimization Complete : Time (s): cpu = 00:04:35 ; elapsed = 00:04:54 . Memory (MB): peak = 1017.566 ; gain = 0.000
INFO: [Project 1-571] Translating synthesized netlist
Netlist sorting complete. Time (s): cpu = 00:00:01 ; elapsed = 00:00:00.315 . Memory (MB): peak = 1017.566 ; gain = 0.000
INFO: [Netlist 29-17] Analyzing 747 Unisim elements for replacement
INFO: [Netlist 29-28] Unisim Transformation completed in 0 CPU seconds
WARNING: [Netlist 29-101] Netlist 'processor' is not ideal for floorplanning, since the cellview 'register_file' contains a large number of primitives.  Please consider enabling hierarchy in synthesis if you want to do floorplanning.
INFO: [Project 1-570] Preparing netlist for logic optimization
INFO: [Opt 31-138] Pushed 0 inverter(s) to 0 load pin(s).
Netlist sorting complete. Time (s): cpu = 00:00:00 ; elapsed = 00:00:00.007 . Memory (MB): peak = 1017.566 ; gain = 0.000
INFO: [Project 1-111] Unisim Transformation Summary:
No Unisim elements were transformed.

INFO: [Common 17-83] Releasing license: Synthesis
29 Infos, 1 Warnings, 0 Critical Warnings and 0 Errors encountered.
synth_design completed successfully
synth_design: Time (s): cpu = 00:04:55 ; elapsed = 00:05:20 . Memory (MB): peak = 1017.566 ; gain = 0.000
INFO: [Common 17-1381] The checkpoint 'G:/My Drive/Work Space/Academics/CoE 113/Machine Problem 1/machine_problem/machine_problem.runs/synth_1/processor.dcp' has been generated.
write_checkpoint: Time (s): cpu = 00:00:05 ; elapsed = 00:00:07 . Memory (MB): peak = 1017.566 ; gain = 0.000
INFO: [runtcl-4] Executing : report_utilization -file processor_utilization_synth.rpt -pb processor_utilization_synth.pb
INFO: [Common 17-206] Exiting Vivado at Tue Aug  9 23:55:02 2022...
