
*** Running vivado
    with args -log processor.vds -m64 -product Vivado -mode batch -messageDb vivado.pb -notrace -source processor.tcl


****** Vivado v2019.2 (64-bit)
  **** SW Build 2708876 on Wed Nov  6 21:40:23 MST 2019
  **** IP Build 2700528 on Thu Nov  7 00:09:20 MST 2019
    ** Copyright 1986-2019 Xilinx, Inc. All Rights Reserved.

source processor.tcl -notrace
Command: synth_design -top processor -part xc7a35ticsg324-1L
Starting synth_design
Attempting to get a license for feature 'Synthesis' and/or device 'xc7a35ti'
INFO: [Common 17-349] Got license for feature 'Synthesis' and/or device 'xc7a35ti'
INFO: Launching helper process for spawning children vivado processes
INFO: Helper process launched with PID 10212 
---------------------------------------------------------------------------------
Starting Synthesize : Time (s): cpu = 00:00:03 ; elapsed = 00:00:04 . Memory (MB): peak = 567.809 ; gain = 239.328
---------------------------------------------------------------------------------
INFO: [Synth 8-6157] synthesizing module 'processor' [C:/Users/CJ/Desktop/advanced-computer-organization/MP 2/mp2/mp2.srcs/sources_1/new/processor.v:3]
INFO: [Synth 8-155] case statement is not full and has no default [C:/Users/CJ/Desktop/advanced-computer-organization/MP 2/mp2/mp2.srcs/sources_1/new/processor.v:98]
INFO: [Synth 8-6157] synthesizing module 'pc' [C:/Users/CJ/Desktop/advanced-computer-organization/MP 2/mp2/mp2.srcs/sources_1/new/pc.v:3]
INFO: [Synth 8-6155] done synthesizing module 'pc' (1#1) [C:/Users/CJ/Desktop/advanced-computer-organization/MP 2/mp2/mp2.srcs/sources_1/new/pc.v:3]
INFO: [Synth 8-6157] synthesizing module 'register_file' [C:/Users/CJ/Desktop/advanced-computer-organization/MP 2/mp2/mp2.srcs/sources_1/new/register_file.v:3]
INFO: [Synth 8-6155] done synthesizing module 'register_file' (2#1) [C:/Users/CJ/Desktop/advanced-computer-organization/MP 2/mp2/mp2.srcs/sources_1/new/register_file.v:3]
INFO: [Synth 8-6157] synthesizing module 'sign_extend' [C:/Users/CJ/Desktop/advanced-computer-organization/MP 2/mp2/mp2.srcs/sources_1/new/sign_extend.v:3]
INFO: [Synth 8-6155] done synthesizing module 'sign_extend' (3#1) [C:/Users/CJ/Desktop/advanced-computer-organization/MP 2/mp2/mp2.srcs/sources_1/new/sign_extend.v:3]
INFO: [Synth 8-6157] synthesizing module 'alu' [C:/Users/CJ/Desktop/advanced-computer-organization/MP 2/mp2/mp2.srcs/sources_1/new/alu.v:3]
INFO: [Synth 8-155] case statement is not full and has no default [C:/Users/CJ/Desktop/advanced-computer-organization/MP 2/mp2/mp2.srcs/sources_1/new/alu.v:14]
INFO: [Synth 8-6155] done synthesizing module 'alu' (4#1) [C:/Users/CJ/Desktop/advanced-computer-organization/MP 2/mp2/mp2.srcs/sources_1/new/alu.v:3]
INFO: [Synth 8-155] case statement is not full and has no default [C:/Users/CJ/Desktop/advanced-computer-organization/MP 2/mp2/mp2.srcs/sources_1/new/processor.v:145]
INFO: [Synth 8-6157] synthesizing module 'controller' [C:/Users/CJ/Desktop/advanced-computer-organization/MP 2/mp2/mp2.srcs/sources_1/new/controller.v:3]
	Parameter opcode_ld bound to: 7'b0000011 
	Parameter opcode_sd bound to: 7'b0100011 
	Parameter opcode_reg bound to: 7'b0110011 
	Parameter opcode_addi bound to: 7'b0010011 
	Parameter opcode_branch bound to: 7'b1100011 
	Parameter opcode_jal bound to: 7'b1101111 
	Parameter opcode_jalr bound to: 7'b1100111 
	Parameter funct7_add bound to: 7'b0000000 
	Parameter funct7_sub bound to: 7'b0100000 
	Parameter funct7_and bound to: 7'b0000000 
	Parameter funct7_or bound to: 7'b0000000 
	Parameter funct7_xor bound to: 7'b0000000 
	Parameter funct7_slt bound to: 7'b0000000 
	Parameter funct3_ld bound to: 3'b011 
	Parameter funct3_sd bound to: 3'b011 
	Parameter funct3_add bound to: 3'b000 
	Parameter funct3_sub bound to: 3'b000 
	Parameter funct3_and bound to: 3'b111 
	Parameter funct3_or bound to: 3'b110 
	Parameter funct3_xor bound to: 3'b100 
	Parameter funct3_slt bound to: 3'b010 
	Parameter funct3_addi bound to: 3'b000 
	Parameter funct3_beq bound to: 3'b000 
	Parameter funct3_bne bound to: 3'b001 
	Parameter funct3_jalr bound to: 3'b000 
	Parameter i_type bound to: 2'b00 
	Parameter s_type bound to: 2'b01 
	Parameter b_type bound to: 2'b10 
	Parameter j_type bound to: 2'b11 
INFO: [Synth 8-155] case statement is not full and has no default [C:/Users/CJ/Desktop/advanced-computer-organization/MP 2/mp2/mp2.srcs/sources_1/new/controller.v:83]
INFO: [Synth 8-155] case statement is not full and has no default [C:/Users/CJ/Desktop/advanced-computer-organization/MP 2/mp2/mp2.srcs/sources_1/new/controller.v:68]
INFO: [Synth 8-6155] done synthesizing module 'controller' (5#1) [C:/Users/CJ/Desktop/advanced-computer-organization/MP 2/mp2/mp2.srcs/sources_1/new/controller.v:3]
INFO: [Synth 8-6155] done synthesizing module 'processor' (6#1) [C:/Users/CJ/Desktop/advanced-computer-organization/MP 2/mp2/mp2.srcs/sources_1/new/processor.v:3]
WARNING: [Synth 8-3917] design processor has port wmask[7] driven by constant 1
WARNING: [Synth 8-3917] design processor has port wmask[6] driven by constant 1
WARNING: [Synth 8-3917] design processor has port wmask[5] driven by constant 1
WARNING: [Synth 8-3917] design processor has port wmask[4] driven by constant 1
WARNING: [Synth 8-3917] design processor has port wmask[3] driven by constant 1
WARNING: [Synth 8-3917] design processor has port wmask[2] driven by constant 1
WARNING: [Synth 8-3917] design processor has port wmask[1] driven by constant 1
WARNING: [Synth 8-3917] design processor has port wmask[0] driven by constant 1
WARNING: [Synth 8-3331] design controller has unconnected port clk
WARNING: [Synth 8-3331] design controller has unconnected port inst[24]
WARNING: [Synth 8-3331] design controller has unconnected port inst[23]
WARNING: [Synth 8-3331] design controller has unconnected port inst[22]
WARNING: [Synth 8-3331] design controller has unconnected port inst[21]
WARNING: [Synth 8-3331] design controller has unconnected port inst[20]
WARNING: [Synth 8-3331] design controller has unconnected port inst[19]
WARNING: [Synth 8-3331] design controller has unconnected port inst[18]
WARNING: [Synth 8-3331] design controller has unconnected port inst[17]
WARNING: [Synth 8-3331] design controller has unconnected port inst[16]
WARNING: [Synth 8-3331] design controller has unconnected port inst[15]
WARNING: [Synth 8-3331] design controller has unconnected port inst[11]
WARNING: [Synth 8-3331] design controller has unconnected port inst[10]
WARNING: [Synth 8-3331] design controller has unconnected port inst[9]
WARNING: [Synth 8-3331] design controller has unconnected port inst[8]
WARNING: [Synth 8-3331] design controller has unconnected port inst[7]
---------------------------------------------------------------------------------
Finished Synthesize : Time (s): cpu = 00:00:05 ; elapsed = 00:00:05 . Memory (MB): peak = 633.449 ; gain = 304.969
---------------------------------------------------------------------------------
---------------------------------------------------------------------------------
Finished Constraint Validation : Time (s): cpu = 00:00:05 ; elapsed = 00:00:06 . Memory (MB): peak = 637.508 ; gain = 309.027
---------------------------------------------------------------------------------
---------------------------------------------------------------------------------
Start Loading Part and Timing Information
---------------------------------------------------------------------------------
Loading part: xc7a35ticsg324-1L
---------------------------------------------------------------------------------
Finished Loading Part and Timing Information : Time (s): cpu = 00:00:05 ; elapsed = 00:00:06 . Memory (MB): peak = 637.508 ; gain = 309.027
---------------------------------------------------------------------------------
INFO: [Device 21-403] Loading part xc7a35ticsg324-1L
INFO: [Synth 8-5546] ROM "InstType" won't be mapped to RAM because it is too sparse
INFO: [Synth 8-5546] ROM "ALUop" won't be mapped to RAM because it is too sparse
INFO: [Synth 8-5546] ROM "MemtoReg" won't be mapped to RAM because it is too sparse
---------------------------------------------------------------------------------
Finished RTL Optimization Phase 2 : Time (s): cpu = 00:00:06 ; elapsed = 00:00:06 . Memory (MB): peak = 660.332 ; gain = 331.852
---------------------------------------------------------------------------------

Report RTL Partitions: 
+-+--------------+------------+----------+
| |RTL Partition |Replication |Instances |
+-+--------------+------------+----------+
+-+--------------+------------+----------+
No constraint files found.
---------------------------------------------------------------------------------
Start RTL Component Statistics 
---------------------------------------------------------------------------------
Detailed RTL Component Info : 
+---Adders : 
	   2 Input     64 Bit       Adders := 1     
	   3 Input     64 Bit       Adders := 1     
	   2 Input     32 Bit       Adders := 3     
+---XORs : 
	   2 Input     64 Bit         XORs := 1     
+---Registers : 
	               64 Bit    Registers := 37    
	               32 Bit    Registers := 8     
	                2 Bit    Registers := 1     
	                1 Bit    Registers := 3     
+---Muxes : 
	   2 Input     64 Bit        Muxes := 3     
	   4 Input     64 Bit        Muxes := 1     
	   3 Input     64 Bit        Muxes := 1     
	   3 Input     32 Bit        Muxes := 1     
	   7 Input      3 Bit        Muxes := 1     
	   2 Input      3 Bit        Muxes := 2     
	   8 Input      3 Bit        Muxes := 1     
	   8 Input      2 Bit        Muxes := 1     
	   2 Input      2 Bit        Muxes := 1     
	   9 Input      2 Bit        Muxes := 2     
	   2 Input      1 Bit        Muxes := 34    
	   8 Input      1 Bit        Muxes := 3     
---------------------------------------------------------------------------------
Finished RTL Component Statistics 
---------------------------------------------------------------------------------
---------------------------------------------------------------------------------
Start RTL Hierarchical Component Statistics 
---------------------------------------------------------------------------------
Hierarchical RTL Component report 
Module processor 
Detailed RTL Component Info : 
+---Adders : 
	   2 Input     32 Bit       Adders := 3     
+---Registers : 
	               64 Bit    Registers := 5     
	               32 Bit    Registers := 7     
	                2 Bit    Registers := 1     
	                1 Bit    Registers := 3     
+---Muxes : 
	   3 Input     64 Bit        Muxes := 1     
	   2 Input     64 Bit        Muxes := 1     
	   3 Input     32 Bit        Muxes := 1     
Module pc 
Detailed RTL Component Info : 
+---Registers : 
	               32 Bit    Registers := 1     
Module register_file 
Detailed RTL Component Info : 
+---Registers : 
	               64 Bit    Registers := 32    
+---Muxes : 
	   2 Input     64 Bit        Muxes := 2     
	   2 Input      1 Bit        Muxes := 32    
Module sign_extend 
Detailed RTL Component Info : 
+---Muxes : 
	   4 Input     64 Bit        Muxes := 1     
Module alu 
Detailed RTL Component Info : 
+---Adders : 
	   2 Input     64 Bit       Adders := 1     
	   3 Input     64 Bit       Adders := 1     
+---XORs : 
	   2 Input     64 Bit         XORs := 1     
+---Muxes : 
	   2 Input      1 Bit        Muxes := 1     
Module controller 
Detailed RTL Component Info : 
+---Muxes : 
	   7 Input      3 Bit        Muxes := 1     
	   2 Input      3 Bit        Muxes := 2     
	   8 Input      3 Bit        Muxes := 1     
	   8 Input      2 Bit        Muxes := 1     
	   2 Input      2 Bit        Muxes := 1     
	   9 Input      2 Bit        Muxes := 2     
	   2 Input      1 Bit        Muxes := 1     
	   8 Input      1 Bit        Muxes := 3     
---------------------------------------------------------------------------------
Finished RTL Hierarchical Component Statistics
---------------------------------------------------------------------------------
---------------------------------------------------------------------------------
Start Part Resource Summary
---------------------------------------------------------------------------------
Part Resources:
DSPs: 90 (col length:60)
BRAMs: 100 (col length: RAMB18 60 RAMB36 30)
---------------------------------------------------------------------------------
Finished Part Resource Summary
---------------------------------------------------------------------------------
No constraint files found.
---------------------------------------------------------------------------------
Start Cross Boundary and Area Optimization
---------------------------------------------------------------------------------
Warning: Parallel synthesis criteria is not met 
INFO: [Synth 8-5546] ROM "i_controller/ALUop" won't be mapped to RAM because it is too sparse
WARNING: [Synth 8-3917] design processor has port wmask[7] driven by constant 1
WARNING: [Synth 8-3917] design processor has port wmask[6] driven by constant 1
WARNING: [Synth 8-3917] design processor has port wmask[5] driven by constant 1
WARNING: [Synth 8-3917] design processor has port wmask[4] driven by constant 1
WARNING: [Synth 8-3917] design processor has port wmask[3] driven by constant 1
WARNING: [Synth 8-3917] design processor has port wmask[2] driven by constant 1
WARNING: [Synth 8-3917] design processor has port wmask[1] driven by constant 1
WARNING: [Synth 8-3917] design processor has port wmask[0] driven by constant 1
---------------------------------------------------------------------------------
Finished Cross Boundary and Area Optimization : Time (s): cpu = 00:00:19 ; elapsed = 00:00:19 . Memory (MB): peak = 906.672 ; gain = 578.191
---------------------------------------------------------------------------------

Report RTL Partitions: 
+-+--------------+------------+----------+
| |RTL Partition |Replication |Instances |
+-+--------------+------------+----------+
+-+--------------+------------+----------+
No constraint files found.
---------------------------------------------------------------------------------
Start Timing Optimization
---------------------------------------------------------------------------------
---------------------------------------------------------------------------------
Finished Timing Optimization : Time (s): cpu = 00:00:19 ; elapsed = 00:00:20 . Memory (MB): peak = 906.672 ; gain = 578.191
---------------------------------------------------------------------------------

Report RTL Partitions: 
+-+--------------+------------+----------+
| |RTL Partition |Replication |Instances |
+-+--------------+------------+----------+
+-+--------------+------------+----------+
---------------------------------------------------------------------------------
Start Technology Mapping
---------------------------------------------------------------------------------
INFO: [Synth 8-3333] propagating constant 0 across sequential element (\i_register_file/RegFile_reg[0][0] )
INFO: [Synth 8-3333] propagating constant 0 across sequential element (\i_register_file/RegFile_reg[0][1] )
INFO: [Synth 8-3333] propagating constant 0 across sequential element (\i_register_file/RegFile_reg[0][2] )
INFO: [Synth 8-3333] propagating constant 0 across sequential element (\i_register_file/RegFile_reg[0][3] )
INFO: [Synth 8-3333] propagating constant 0 across sequential element (\i_register_file/RegFile_reg[0][4] )
INFO: [Synth 8-3333] propagating constant 0 across sequential element (\i_register_file/RegFile_reg[0][5] )
INFO: [Synth 8-3333] propagating constant 0 across sequential element (\i_register_file/RegFile_reg[0][6] )
INFO: [Synth 8-3333] propagating constant 0 across sequential element (\i_register_file/RegFile_reg[0][7] )
INFO: [Synth 8-3333] propagating constant 0 across sequential element (\i_register_file/RegFile_reg[0][8] )
INFO: [Synth 8-3333] propagating constant 0 across sequential element (\i_register_file/RegFile_reg[0][9] )
INFO: [Synth 8-3333] propagating constant 0 across sequential element (\i_register_file/RegFile_reg[0][10] )
INFO: [Synth 8-3333] propagating constant 0 across sequential element (\i_register_file/RegFile_reg[0][11] )
INFO: [Synth 8-3333] propagating constant 0 across sequential element (\i_register_file/RegFile_reg[0][12] )
INFO: [Synth 8-3333] propagating constant 0 across sequential element (\i_register_file/RegFile_reg[0][13] )
INFO: [Synth 8-3333] propagating constant 0 across sequential element (\i_register_file/RegFile_reg[0][14] )
INFO: [Synth 8-3333] propagating constant 0 across sequential element (\i_register_file/RegFile_reg[0][15] )
INFO: [Synth 8-3333] propagating constant 0 across sequential element (\i_register_file/RegFile_reg[0][16] )
INFO: [Synth 8-3333] propagating constant 0 across sequential element (\i_register_file/RegFile_reg[0][17] )
INFO: [Synth 8-3333] propagating constant 0 across sequential element (\i_register_file/RegFile_reg[0][18] )
INFO: [Synth 8-3333] propagating constant 0 across sequential element (\i_register_file/RegFile_reg[0][19] )
INFO: [Synth 8-3333] propagating constant 0 across sequential element (\i_register_file/RegFile_reg[0][20] )
INFO: [Synth 8-3333] propagating constant 0 across sequential element (\i_register_file/RegFile_reg[0][21] )
INFO: [Synth 8-3333] propagating constant 0 across sequential element (\i_register_file/RegFile_reg[0][22] )
INFO: [Synth 8-3333] propagating constant 0 across sequential element (\i_register_file/RegFile_reg[0][23] )
INFO: [Synth 8-3333] propagating constant 0 across sequential element (\i_register_file/RegFile_reg[0][24] )
INFO: [Synth 8-3333] propagating constant 0 across sequential element (\i_register_file/RegFile_reg[0][25] )
INFO: [Synth 8-3333] propagating constant 0 across sequential element (\i_register_file/RegFile_reg[0][26] )
INFO: [Synth 8-3333] propagating constant 0 across sequential element (\i_register_file/RegFile_reg[0][27] )
INFO: [Synth 8-3333] propagating constant 0 across sequential element (\i_register_file/RegFile_reg[0][28] )
INFO: [Synth 8-3333] propagating constant 0 across sequential element (\i_register_file/RegFile_reg[0][29] )
INFO: [Synth 8-3333] propagating constant 0 across sequential element (\i_register_file/RegFile_reg[0][30] )
INFO: [Synth 8-3333] propagating constant 0 across sequential element (\i_register_file/RegFile_reg[0][31] )
INFO: [Synth 8-3333] propagating constant 0 across sequential element (\i_register_file/RegFile_reg[0][32] )
INFO: [Synth 8-3333] propagating constant 0 across sequential element (\i_register_file/RegFile_reg[0][33] )
INFO: [Synth 8-3333] propagating constant 0 across sequential element (\i_register_file/RegFile_reg[0][34] )
INFO: [Synth 8-3333] propagating constant 0 across sequential element (\i_register_file/RegFile_reg[0][35] )
INFO: [Synth 8-3333] propagating constant 0 across sequential element (\i_register_file/RegFile_reg[0][36] )
INFO: [Synth 8-3333] propagating constant 0 across sequential element (\i_register_file/RegFile_reg[0][37] )
INFO: [Synth 8-3333] propagating constant 0 across sequential element (\i_register_file/RegFile_reg[0][38] )
INFO: [Synth 8-3333] propagating constant 0 across sequential element (\i_register_file/RegFile_reg[0][39] )
INFO: [Synth 8-3333] propagating constant 0 across sequential element (\i_register_file/RegFile_reg[0][40] )
INFO: [Synth 8-3333] propagating constant 0 across sequential element (\i_register_file/RegFile_reg[0][41] )
INFO: [Synth 8-3333] propagating constant 0 across sequential element (\i_register_file/RegFile_reg[0][42] )
INFO: [Synth 8-3333] propagating constant 0 across sequential element (\i_register_file/RegFile_reg[0][43] )
INFO: [Synth 8-3333] propagating constant 0 across sequential element (\i_register_file/RegFile_reg[0][44] )
INFO: [Synth 8-3333] propagating constant 0 across sequential element (\i_register_file/RegFile_reg[0][45] )
INFO: [Synth 8-3333] propagating constant 0 across sequential element (\i_register_file/RegFile_reg[0][46] )
INFO: [Synth 8-3333] propagating constant 0 across sequential element (\i_register_file/RegFile_reg[0][47] )
INFO: [Synth 8-3333] propagating constant 0 across sequential element (\i_register_file/RegFile_reg[0][48] )
INFO: [Synth 8-3333] propagating constant 0 across sequential element (\i_register_file/RegFile_reg[0][49] )
INFO: [Synth 8-3333] propagating constant 0 across sequential element (\i_register_file/RegFile_reg[0][50] )
INFO: [Synth 8-3333] propagating constant 0 across sequential element (\i_register_file/RegFile_reg[0][51] )
INFO: [Synth 8-3333] propagating constant 0 across sequential element (\i_register_file/RegFile_reg[0][52] )
INFO: [Synth 8-3333] propagating constant 0 across sequential element (\i_register_file/RegFile_reg[0][53] )
INFO: [Synth 8-3333] propagating constant 0 across sequential element (\i_register_file/RegFile_reg[0][54] )
INFO: [Synth 8-3333] propagating constant 0 across sequential element (\i_register_file/RegFile_reg[0][55] )
INFO: [Synth 8-3333] propagating constant 0 across sequential element (\i_register_file/RegFile_reg[0][56] )
INFO: [Synth 8-3333] propagating constant 0 across sequential element (\i_register_file/RegFile_reg[0][57] )
INFO: [Synth 8-3333] propagating constant 0 across sequential element (\i_register_file/RegFile_reg[0][58] )
INFO: [Synth 8-3333] propagating constant 0 across sequential element (\i_register_file/RegFile_reg[0][59] )
INFO: [Synth 8-3333] propagating constant 0 across sequential element (\i_register_file/RegFile_reg[0][60] )
INFO: [Synth 8-3333] propagating constant 0 across sequential element (\i_register_file/RegFile_reg[0][61] )
INFO: [Synth 8-3333] propagating constant 0 across sequential element (\i_register_file/RegFile_reg[0][62] )
INFO: [Synth 8-3333] propagating constant 0 across sequential element (\i_register_file/RegFile_reg[0][63] )
---------------------------------------------------------------------------------
Finished Technology Mapping : Time (s): cpu = 00:00:21 ; elapsed = 00:00:21 . Memory (MB): peak = 906.672 ; gain = 578.191
---------------------------------------------------------------------------------

Report RTL Partitions: 
+-+--------------+------------+----------+
| |RTL Partition |Replication |Instances |
+-+--------------+------------+----------+
+-+--------------+------------+----------+
---------------------------------------------------------------------------------
Start IO Insertion
---------------------------------------------------------------------------------
---------------------------------------------------------------------------------
Start Flattening Before IO Insertion
---------------------------------------------------------------------------------
---------------------------------------------------------------------------------
Finished Flattening Before IO Insertion
---------------------------------------------------------------------------------
---------------------------------------------------------------------------------
Start Final Netlist Cleanup
---------------------------------------------------------------------------------
---------------------------------------------------------------------------------
Finished Final Netlist Cleanup
---------------------------------------------------------------------------------
---------------------------------------------------------------------------------
Finished IO Insertion : Time (s): cpu = 00:00:26 ; elapsed = 00:00:26 . Memory (MB): peak = 906.672 ; gain = 578.191
---------------------------------------------------------------------------------
---------------------------------------------------------------------------------
Start Renaming Generated Instances
---------------------------------------------------------------------------------
---------------------------------------------------------------------------------
Finished Renaming Generated Instances : Time (s): cpu = 00:00:26 ; elapsed = 00:00:26 . Memory (MB): peak = 906.672 ; gain = 578.191
---------------------------------------------------------------------------------

Report RTL Partitions: 
+-+--------------+------------+----------+
| |RTL Partition |Replication |Instances |
+-+--------------+------------+----------+
+-+--------------+------------+----------+

Report Check Netlist: 
+------+------------------+-------+---------+-------+------------------+
|      |Item              |Errors |Warnings |Status |Description       |
+------+------------------+-------+---------+-------+------------------+
|1     |multi_driven_nets |      0|        0|Passed |Multi driven nets |
+------+------------------+-------+---------+-------+------------------+
---------------------------------------------------------------------------------
Start Rebuilding User Hierarchy
---------------------------------------------------------------------------------
---------------------------------------------------------------------------------
Finished Rebuilding User Hierarchy : Time (s): cpu = 00:00:26 ; elapsed = 00:00:27 . Memory (MB): peak = 906.672 ; gain = 578.191
---------------------------------------------------------------------------------
---------------------------------------------------------------------------------
Start Renaming Generated Ports
---------------------------------------------------------------------------------
---------------------------------------------------------------------------------
Finished Renaming Generated Ports : Time (s): cpu = 00:00:26 ; elapsed = 00:00:27 . Memory (MB): peak = 906.672 ; gain = 578.191
---------------------------------------------------------------------------------
---------------------------------------------------------------------------------
Start Handling Custom Attributes
---------------------------------------------------------------------------------
---------------------------------------------------------------------------------
Finished Handling Custom Attributes : Time (s): cpu = 00:00:26 ; elapsed = 00:00:27 . Memory (MB): peak = 906.672 ; gain = 578.191
---------------------------------------------------------------------------------
---------------------------------------------------------------------------------
Start Renaming Generated Nets
---------------------------------------------------------------------------------
---------------------------------------------------------------------------------
Finished Renaming Generated Nets : Time (s): cpu = 00:00:26 ; elapsed = 00:00:27 . Memory (MB): peak = 906.672 ; gain = 578.191
---------------------------------------------------------------------------------
---------------------------------------------------------------------------------
Start Writing Synthesis Report
---------------------------------------------------------------------------------

Report BlackBoxes: 
+-+--------------+----------+
| |BlackBox name |Instances |
+-+--------------+----------+
+-+--------------+----------+

Report Cell Usage: 
+------+-------+------+
|      |Cell   |Count |
+------+-------+------+
|1     |BUFG   |     1|
|2     |CARRY4 |    64|
|3     |LUT1   |     4|
|4     |LUT2   |    32|
|5     |LUT3   |   169|
|6     |LUT4   |   198|
|7     |LUT5   |   191|
|8     |LUT6   |  1250|
|9     |MUXF7  |   512|
|10    |MUXF8  |   128|
|11    |FDCE   |  2526|
|12    |IBUF   |    98|
|13    |OBUF   |   394|
+------+-------+------+

Report Instance Areas: 
+------+------------------+--------------+------+
|      |Instance          |Module        |Cells |
+------+------------------+--------------+------+
|1     |top               |              |  5567|
|2     |  i_alu           |alu           |   469|
|3     |  i_pc            |pc            |   175|
|4     |  i_register_file |register_file |  3808|
+------+------------------+--------------+------+
---------------------------------------------------------------------------------
Finished Writing Synthesis Report : Time (s): cpu = 00:00:26 ; elapsed = 00:00:27 . Memory (MB): peak = 906.672 ; gain = 578.191
---------------------------------------------------------------------------------
Synthesis finished with 0 errors, 0 critical warnings and 32 warnings.
Synthesis Optimization Runtime : Time (s): cpu = 00:00:26 ; elapsed = 00:00:27 . Memory (MB): peak = 906.672 ; gain = 578.191
Synthesis Optimization Complete : Time (s): cpu = 00:00:26 ; elapsed = 00:00:27 . Memory (MB): peak = 906.672 ; gain = 578.191
INFO: [Project 1-571] Translating synthesized netlist
Netlist sorting complete. Time (s): cpu = 00:00:00 ; elapsed = 00:00:00.079 . Memory (MB): peak = 907.945 ; gain = 0.000
INFO: [Netlist 29-17] Analyzing 704 Unisim elements for replacement
INFO: [Netlist 29-28] Unisim Transformation completed in 0 CPU seconds
INFO: [Project 1-570] Preparing netlist for logic optimization
INFO: [Opt 31-138] Pushed 0 inverter(s) to 0 load pin(s).
Netlist sorting complete. Time (s): cpu = 00:00:00 ; elapsed = 00:00:00.001 . Memory (MB): peak = 917.914 ; gain = 0.000
INFO: [Project 1-111] Unisim Transformation Summary:
No Unisim elements were transformed.

INFO: [Common 17-83] Releasing license: Synthesis
94 Infos, 32 Warnings, 0 Critical Warnings and 0 Errors encountered.
synth_design completed successfully
synth_design: Time (s): cpu = 00:00:31 ; elapsed = 00:00:32 . Memory (MB): peak = 917.914 ; gain = 614.246
Netlist sorting complete. Time (s): cpu = 00:00:00 ; elapsed = 00:00:00.001 . Memory (MB): peak = 917.914 ; gain = 0.000
WARNING: [Constraints 18-5210] No constraints selected for write.
Resolution: This message can indicate that there are no constraints for the design, or it can indicate that the used_in flags are set such that the constraints are ignored. This later case is used when running synth_design to not write synthesis constraints to the resulting checkpoint. Instead, project constraints are read when the synthesized design is opened.
INFO: [Common 17-1381] The checkpoint 'C:/Users/CJ/Desktop/advanced-computer-organization/MP 2/mp2/mp2.runs/synth_1/processor.dcp' has been generated.
INFO: [runtcl-4] Executing : report_utilization -file processor_utilization_synth.rpt -pb processor_utilization_synth.pb
INFO: [Common 17-206] Exiting Vivado at Fri Jun 23 01:51:51 2023...
